<?xml version="1.0" encoding="UTF-8"?>
<testsuite xmlns:xsi="http://www.w3.org/2001/XMLSchema-instance" xsi:noNamespaceSchemaLocation="https://maven.apache.org/surefire/maven-surefire-plugin/xsd/surefire-test-report.xsd" name="runners.SmokeTestRunner" time="14.382" tests="5" errors="0" skipped="0" failures="0">
  <properties>
[...]
</properties>
  <testcase name="Given user is on Facebook login page" classname="Scenario: Log in  with email" time="0.007"/>
  <testcase name="When user enters email and password" classname="Scenario: Log in  with email" time="0"/>
  <testcase name="And user clicks login button" classname="Scenario: Log in  with email" time="0"/>
  <testcase name="Then user should be in home page" classname="Scenario: Log in  with email" time="0"/>
  <testcase name="Scenario: Log in  with email" classname="Scenario: Log in  with email" time="0.001"/>
</testsuite>